<?xml version="1.0" encoding="UTF-8"?>
<!-- Generated by org.testng.reporters.JUnitReportReporter -->
<testsuite hostname="DESKTOP-URT8H1H" failures="0" tests="1" name="com.assignment2.ReadWriteExcel" time="1.820" errors="0" timestamp="2021-05-31T18:19:10 IST" skipped="0">
  <testcase classname="com.assignment2.ReadWriteExcel" name="readWriteExcel" time="1.820"/>
  <system-out/>
</testsuite> <!-- com.assignment2.ReadWriteExcel -->
