<?xml version="1.0" encoding="UTF-8"?>
<!-- Generated by org.testng.reporters.JUnitReportReporter -->
<testsuite skipped="0" hostname="DESKTOP-URT8H1H" name="com.assignment1.CheckPHPTravels" tests="2" failures="0" timestamp="2021-06-02T18:32:15 IST" time="41.837" errors="0">
  <testcase name="signupUser" time="28.731" classname="com.assignment1.CheckPHPTravels"/>
  <system-out/>
  <testcase name="loginUser" time="13.106" classname="com.assignment1.CheckPHPTravels"/>
  <system-out/>
</testsuite> <!-- com.assignment1.CheckPHPTravels -->
