<?xml version="1.0" encoding="UTF-8"?>
<!-- Generated by org.testng.reporters.JUnitReportReporter -->
<testsuite skipped="0" hostname="DESKTOP-URT8H1H" name="com.assignment1.CheckPHPTravels" tests="2" failures="0" timestamp="2021-06-01T22:49:50 IST" time="64.754" errors="0">
  <testcase name="signupUser" time="51.284" classname="com.assignment1.CheckPHPTravels"/>
  <system-out/>
  <testcase name="loginUser" time="13.470" classname="com.assignment1.CheckPHPTravels"/>
  <system-out/>
</testsuite> <!-- com.assignment1.CheckPHPTravels -->
